[2021-06-30T09:56:25.611291+03:00] baseLogger.INFO:  [] []
[2021-06-30T09:56:25.611616+03:00] baseLogger.INFO: SELECT * FROM users WHERE `username`=`admin` [] []
[2021-06-30T09:56:25.611636+03:00] baseLogger.INFO: admin [] []
[2021-06-30T09:56:45.751032+03:00] baseLogger.INFO:  [] []
[2021-06-30T09:56:45.751131+03:00] baseLogger.INFO: SELECT * FROM users WHERE `username`=`admin` [] []
[2021-06-30T09:56:45.751149+03:00] baseLogger.INFO: admin [] []
[2021-06-30T09:57:44.813746+03:00] baseLogger.INFO:  [] []
[2021-06-30T09:57:44.814119+03:00] baseLogger.INFO: SELECT * FROM users WHERE username=`admin` [] []
[2021-06-30T09:57:44.814152+03:00] baseLogger.INFO: admin [] []
[2021-06-30T10:02:31.399725+03:00] baseLogger.INFO: Get data [] []
[2021-06-30T10:02:39.826427+03:00] baseLogger.INFO: Get data [] []
[2021-06-30T10:02:56.276831+03:00] baseLogger.INFO: Get data [] []
[2021-06-30T10:03:01.646563+03:00] baseLogger.INFO: Get data [] []
[2021-06-30T10:05:07.918511+03:00] baseLogger.INFO: Get data [] []
[2021-06-30T10:05:10.823477+03:00] baseLogger.INFO: Query: UPDATE vacation SET `check`='' WHERE id='23'. Change record with id:23 [] []
[2021-06-30T10:05:10.843055+03:00] baseLogger.INFO: Get data [] []
[2021-06-30T10:05:11.728994+03:00] baseLogger.INFO: Query: UPDATE vacation SET `check`='' WHERE id='24'. Change record with id:24 [] []
[2021-06-30T10:05:11.796805+03:00] baseLogger.INFO: Get data [] []
[2021-06-30T10:05:12.437106+03:00] baseLogger.INFO: Query: UPDATE vacation SET `check`='' WHERE id='22'. Change record with id:22 [] []
[2021-06-30T10:05:12.482804+03:00] baseLogger.INFO: Get data [] []
[2021-06-30T10:15:59.385961+03:00] baseLogger.INFO: Get data [] []
[2021-06-30T10:16:01.234382+03:00] baseLogger.INFO: Get data [] []
[2021-06-30T10:16:06.778915+03:00] baseLogger.INFO: Get data [] []
[2021-06-30T10:16:34.385144+03:00] baseLogger.INFO: Get data [] []
[2021-06-30T10:17:50.154656+03:00] baseLogger.INFO: Get data [] []
[2021-06-30T10:17:56.269999+03:00] baseLogger.INFO: Get data [] []
[2021-06-30T10:18:02.918606+03:00] baseLogger.INFO: Get data [] []
[2021-06-30T10:18:22.635641+03:00] baseLogger.INFO: Get data [] []
[2021-06-30T10:18:29.299987+03:00] baseLogger.INFO: Get data [] []
[2021-06-30T10:33:32.654578+03:00] baseLogger.INFO: Query: UPDATE vacation SET `check`='1' WHERE id='20'. Change record with id:20 [] []
[2021-06-30T10:33:32.679616+03:00] baseLogger.INFO: Get data [] []
[2021-06-30T10:33:34.084464+03:00] baseLogger.INFO: Query: UPDATE vacation SET `check`='' WHERE id='21'. Change record with id:21 [] []
[2021-06-30T10:33:34.154989+03:00] baseLogger.INFO: Get data [] []
[2021-06-30T10:33:34.595296+03:00] baseLogger.INFO: Query: UPDATE vacation SET `check`='' WHERE id='20'. Change record with id:20 [] []
[2021-06-30T10:33:34.769585+03:00] baseLogger.INFO: Get data [] []
[2021-06-30T10:33:45.815117+03:00] baseLogger.INFO: Get data [] []
[2021-06-30T10:33:59.028548+03:00] baseLogger.INFO: Query: UPDATE vacation SET `check`='1' WHERE id='20'. Change record with id:20 [] []
[2021-06-30T10:33:59.043664+03:00] baseLogger.INFO: Get data [] []
[2021-06-30T10:35:15.043331+03:00] baseLogger.INFO: Get data [] []
[2021-06-30T10:35:23.357008+03:00] baseLogger.INFO: Get data [] []
[2021-06-30T10:35:27.482406+03:00] baseLogger.INFO: Get data [] []
[2021-06-30T10:35:32.376319+03:00] baseLogger.INFO: Get data [] []
[2021-06-30T10:36:50.625458+03:00] baseLogger.INFO: Get data [] []
[2021-06-30T10:36:54.011123+03:00] baseLogger.INFO: Query: UPDATE vacation SET `check`='1' WHERE id='26'. Change record with id:26 [] []
[2021-06-30T10:36:54.040364+03:00] baseLogger.INFO: Get data [] []
[2021-06-30T10:36:55.205066+03:00] baseLogger.INFO: Query: UPDATE vacation SET `check`='1' WHERE id='27'. Change record with id:27 [] []
[2021-06-30T10:36:55.240604+03:00] baseLogger.INFO: Get data [] []
[2021-06-30T10:36:55.768122+03:00] baseLogger.INFO: Query: UPDATE vacation SET `check`='1' WHERE id='28'. Change record with id:28 [] []
[2021-06-30T10:36:55.881250+03:00] baseLogger.INFO: Get data [] []
[2021-06-30T10:36:56.768552+03:00] baseLogger.INFO: Query: UPDATE vacation SET `check`='1' WHERE id='29'. Change record with id:29 [] []
[2021-06-30T10:36:56.792156+03:00] baseLogger.INFO: Get data [] []
[2021-06-30T10:36:57.652210+03:00] baseLogger.INFO: Query: UPDATE vacation SET `check`='1' WHERE id='24'. Change record with id:24 [] []
[2021-06-30T10:36:57.681829+03:00] baseLogger.INFO: Get data [] []
[2021-06-30T10:36:58.159374+03:00] baseLogger.INFO: Query: UPDATE vacation SET `check`='1' WHERE id='23'. Change record with id:23 [] []
[2021-06-30T10:36:58.239298+03:00] baseLogger.INFO: Get data [] []
